<?xml version="1.0" encoding="UTF-8"?>
<!-- Generated by org.testng.reporters.JUnitXMLReporter -->
<testsuite ignored="0" hostname="DESKTOP-P8IFTE9" failures="1" tests="1" name="Test" time="7.519" errors="0" timestamp="2022-03-27T17:18:43 ART">
  <testcase classname="practise.AppiumFramework.Ecommerce_tc_4" name="totalValidation" time="7.418">
    <failure type="java.lang.NullPointerException" message="Cannot invoke &amp;quot;String.contains(java.lang.CharSequence)&amp;quot; because &amp;quot;device&amp;quot; is null">
      <![CDATA[java.lang.NullPointerException: Cannot invoke "String.contains(java.lang.CharSequence)" because "device" is null
at practise.AppiumFramework.base.capabilities(base.java:70)
at practise.AppiumFramework.Ecommerce_tc_4.totalValidation(Ecommerce_tc_4.java:22)
at java.base/java.util.ArrayList.forEach(ArrayList.java:1511)
... Removed 27 stack frames]]>
    </failure>
  </testcase> <!-- totalValidation -->
</testsuite> <!-- Test -->
