<?xml version="1.0" encoding="UTF-8"?>
<!-- Generated by org.testng.reporters.JUnitXMLReporter -->
<testsuite ignored="0" hostname="DESKTOP-P8IFTE9" failures="1" tests="1" name="Test" time="38.649" errors="0" timestamp="2022-02-22T15:22:49 ART">
  <testcase classname="practise.AppiumFramework.Ecommerce_tc_4" name="totalValidation" time="38.568">
    <failure type="java.lang.NumberFormatException" message="For input string: &amp;quot;ir Jordan 4 Retro&amp;quot;">
      <![CDATA[java.lang.NumberFormatException: For input string: "ir Jordan 4 Retro"
at java.base/jdk.internal.math.FloatingDecimal.readJavaFormatString(FloatingDecimal.java:2054)
at java.base/jdk.internal.math.FloatingDecimal.parseDouble(FloatingDecimal.java:110)
at java.base/java.lang.Double.parseDouble(Double.java:651)
at practise.AppiumFramework.Ecommerce_tc_4.getAmount(Ecommerce_tc_4.java:56)
at practise.AppiumFramework.Ecommerce_tc_4.totalValidation(Ecommerce_tc_4.java:40)
at java.base/java.util.ArrayList.forEach(ArrayList.java:1511)
... Removed 27 stack frames]]>
    </failure>
  </testcase> <!-- totalValidation -->
</testsuite> <!-- Test -->
