<?xml version="1.0" encoding="UTF-8"?>
<testng-results ignored="0" total="1" passed="1" failed="0" skipped="0">
  <reporter-output>
  </reporter-output>
  <suite started-at="2022-02-23T15:14:13 ART" name="Suite" finished-at="2022-02-23T15:15:06 ART" duration-ms="52883">
    <groups>
    </groups>
    <test started-at="2022-02-23T15:14:13 ART" name="Test" finished-at="2022-02-23T15:15:06 ART" duration-ms="52883">
      <class name="practise.AppiumFramework.Ecommerce_tc_4">
        <test-method signature="totalValidation()[pri:0, instance:practise.AppiumFramework.Ecommerce_tc_4@47987356]" started-at="2022-02-23T15:14:13 ART" name="totalValidation" finished-at="2022-02-23T15:15:06 ART" duration-ms="52802" status="PASS">
          <reporter-output>
          </reporter-output>
        </test-method> <!-- totalValidation -->
      </class> <!-- practise.AppiumFramework.Ecommerce_tc_4 -->
    </test> <!-- Test -->
  </suite> <!-- Suite -->
</testng-results>
